C:\Program Files\Microsoft Visual Studio\2022\Community\MSBuild\Microsoft\VC\v170\Microsoft.CppBuild.targets(531,5): warning MSB8028: The intermediate directory (x64\Debug\) contains files shared from another project (Jam.vcxproj).  This can lead to incorrect clean and rebuild behavior.
  Animation.cpp
  AudioManager.cpp
  Game.cpp
C:\Users\sohila\ITI\VS Projects\GameJam\MiniJam\Jam\Game.cpp(43,36): warning C4244: 'argument': conversion from 'unsigned int' to 'T', possible loss of data
C:\Users\sohila\ITI\VS Projects\GameJam\MiniJam\Jam\Game.cpp(43,36): warning C4244:         with
C:\Users\sohila\ITI\VS Projects\GameJam\MiniJam\Jam\Game.cpp(43,36): warning C4244:         [
C:\Users\sohila\ITI\VS Projects\GameJam\MiniJam\Jam\Game.cpp(43,36): warning C4244:             T=float
C:\Users\sohila\ITI\VS Projects\GameJam\MiniJam\Jam\Game.cpp(43,36): warning C4244:         ]
C:\Users\sohila\ITI\VS Projects\GameJam\MiniJam\Jam\Game.cpp(42,36): warning C4244: 'argument': conversion from 'unsigned int' to 'T', possible loss of data
C:\Users\sohila\ITI\VS Projects\GameJam\MiniJam\Jam\Game.cpp(42,36): warning C4244:         with
C:\Users\sohila\ITI\VS Projects\GameJam\MiniJam\Jam\Game.cpp(42,36): warning C4244:         [
C:\Users\sohila\ITI\VS Projects\GameJam\MiniJam\Jam\Game.cpp(42,36): warning C4244:             T=float
C:\Users\sohila\ITI\VS Projects\GameJam\MiniJam\Jam\Game.cpp(42,36): warning C4244:         ]
  MainMenu.cpp
  MyContactListener.cpp
  Player.cpp
  SFML1.cpp
  World.cpp
  Generating Code...
  Jam.vcxproj -> C:\Users\sohila\ITI\VS Projects\GameJam\MiniJam\x64\Debug\Template.exe
